{"/home/reece/projects/courses/401/storefront/src/store/actions.js": {"path":"/home/reece/projects/courses/401/storefront/src/store/actions.js","statementMap":{"0":{"start":{"line":4,"column":30},"end":{"line":4,"column":59}},"1":{"start":{"line":5,"column":25},"end":{"line":5,"column":50}},"2":{"start":{"line":6,"column":30},"end":{"line":6,"column":60}},"3":{"start":{"line":7,"column":21},"end":{"line":7,"column":40}}},"fnMap":{},"branchMap":{},"s":{"0":1,"1":1,"2":1,"3":1},"f":{},"b":{},"_coverageSchema":"1a1c01bbd47fc00a2c39e90264f33305004495a9","hash":"288d3575019b0e718021c4fa090ef27d2a78035e"}
,"/home/reece/projects/courses/401/storefront/src/store/cart.js": {"path":"/home/reece/projects/courses/401/storefront/src/store/cart.js","statementMap":{"0":{"start":{"line":4,"column":19},"end":{"line":6,"column":1}},"1":{"start":{"line":8,"column":20},"end":{"line":20,"column":2}},"2":{"start":{"line":12,"column":6},"end":{"line":12,"column":45}},"3":{"start":{"line":15,"column":6},"end":{"line":18,"column":7}},"4":{"start":{"line":17,"column":40},"end":{"line":17,"column":73}}},"fnMap":{"0":{"name":"(anonymous_0)","decl":{"start":{"line":11,"column":19},"end":{"line":11,"column":20}},"loc":{"start":{"line":11,"column":37},"end":{"line":13,"column":5}},"line":11},"1":{"name":"(anonymous_1)","decl":{"start":{"line":14,"column":24},"end":{"line":14,"column":25}},"loc":{"start":{"line":14,"column":43},"end":{"line":19,"column":5}},"line":14},"2":{"name":"(anonymous_2)","decl":{"start":{"line":17,"column":32},"end":{"line":17,"column":33}},"loc":{"start":{"line":17,"column":40},"end":{"line":17,"column":73}},"line":17}},"branchMap":{},"s":{"0":1,"1":1,"2":1,"3":1,"4":0},"f":{"0":1,"1":1,"2":0},"b":{},"_coverageSchema":"1a1c01bbd47fc00a2c39e90264f33305004495a9","hash":"de17d1c180879fea257695c1bbca0fe72fc4b2d5"}
,"/home/reece/projects/courses/401/storefront/src/store/categories.js": {"path":"/home/reece/projects/courses/401/storefront/src/store/categories.js","statementMap":{"0":{"start":{"line":5,"column":29},"end":{"line":5,"column":57}},"1":{"start":{"line":7,"column":19},"end":{"line":10,"column":1}},"2":{"start":{"line":13,"column":26},"end":{"line":35,"column":1}},"3":{"start":{"line":17,"column":6},"end":{"line":20,"column":7}},"4":{"start":{"line":24,"column":6},"end":{"line":27,"column":7}},"5":{"start":{"line":30,"column":6},"end":{"line":32,"column":7}},"6":{"start":{"line":38,"column":29},"end":{"line":42,"column":1}},"7":{"start":{"line":38,"column":35},"end":{"line":42,"column":1}},"8":{"start":{"line":39,"column":17},"end":{"line":39,"column":85}},"9":{"start":{"line":40,"column":2},"end":{"line":40,"column":73}},"10":{"start":{"line":41,"column":2},"end":{"line":41,"column":49}}},"fnMap":{"0":{"name":"(anonymous_0)","decl":{"start":{"line":16,"column":22},"end":{"line":16,"column":23}},"loc":{"start":{"line":16,"column":40},"end":{"line":22,"column":5}},"line":16},"1":{"name":"(anonymous_1)","decl":{"start":{"line":23,"column":23},"end":{"line":23,"column":24}},"loc":{"start":{"line":23,"column":42},"end":{"line":28,"column":5}},"line":23},"2":{"name":"(anonymous_2)","decl":{"start":{"line":29,"column":13},"end":{"line":29,"column":14}},"loc":{"start":{"line":29,"column":32},"end":{"line":33,"column":5}},"line":29},"3":{"name":"(anonymous_3)","decl":{"start":{"line":38,"column":29},"end":{"line":38,"column":30}},"loc":{"start":{"line":38,"column":35},"end":{"line":42,"column":1}},"line":38},"4":{"name":"(anonymous_4)","decl":{"start":{"line":38,"column":35},"end":{"line":38,"column":36}},"loc":{"start":{"line":38,"column":64},"end":{"line":42,"column":1}},"line":38}},"branchMap":{},"s":{"0":1,"1":1,"2":1,"3":0,"4":1,"5":0,"6":1,"7":0,"8":0,"9":0,"10":0},"f":{"0":0,"1":1,"2":0,"3":0,"4":0},"b":{},"_coverageSchema":"1a1c01bbd47fc00a2c39e90264f33305004495a9","hash":"ba40b9b4b46cf173c085779c25077019a07439d0"}
,"/home/reece/projects/courses/401/storefront/src/store/constants.js": {"path":"/home/reece/projects/courses/401/storefront/src/store/constants.js","statementMap":{"0":{"start":{"line":2,"column":28},"end":{"line":2,"column":42}},"1":{"start":{"line":3,"column":30},"end":{"line":3,"column":46}},"2":{"start":{"line":4,"column":31},"end":{"line":4,"column":48}},"3":{"start":{"line":5,"column":27},"end":{"line":5,"column":40}},"4":{"start":{"line":6,"column":32},"end":{"line":6,"column":50}},"5":{"start":{"line":7,"column":21},"end":{"line":7,"column":28}}},"fnMap":{},"branchMap":{},"s":{"0":1,"1":1,"2":1,"3":1,"4":1,"5":1},"f":{},"b":{},"_coverageSchema":"1a1c01bbd47fc00a2c39e90264f33305004495a9","hash":"956a30549835c7415512218a5e56ecd02150d017"}
,"/home/reece/projects/courses/401/storefront/src/store/products.js": {"path":"/home/reece/projects/courses/401/storefront/src/store/products.js","statementMap":{"0":{"start":{"line":7,"column":19},"end":{"line":10,"column":1}},"1":{"start":{"line":12,"column":27},"end":{"line":12,"column":53}},"2":{"start":{"line":14,"column":24},"end":{"line":58,"column":4}},"3":{"start":{"line":19,"column":6},"end":{"line":22,"column":7}},"4":{"start":{"line":26,"column":6},"end":{"line":29,"column":7}},"5":{"start":{"line":28,"column":51},"end":{"line":28,"column":91}},"6":{"start":{"line":33,"column":6},"end":{"line":40,"column":7}},"7":{"start":{"line":36,"column":10},"end":{"line":38,"column":11}},"8":{"start":{"line":37,"column":12},"end":{"line":37,"column":30}},"9":{"start":{"line":44,"column":6},"end":{"line":51,"column":7}},"10":{"start":{"line":47,"column":10},"end":{"line":49,"column":11}},"11":{"start":{"line":48,"column":12},"end":{"line":48,"column":30}},"12":{"start":{"line":55,"column":6},"end":{"line":55,"column":19}},"13":{"start":{"line":60,"column":29},"end":{"line":64,"column":3}},"14":{"start":{"line":60,"column":35},"end":{"line":64,"column":3}},"15":{"start":{"line":61,"column":19},"end":{"line":61,"column":85}},"16":{"start":{"line":62,"column":4},"end":{"line":62,"column":77}},"17":{"start":{"line":63,"column":4},"end":{"line":63,"column":49}}},"fnMap":{"0":{"name":"(anonymous_0)","decl":{"start":{"line":18,"column":20},"end":{"line":18,"column":21}},"loc":{"start":{"line":18,"column":39},"end":{"line":23,"column":5}},"line":18},"1":{"name":"(anonymous_1)","decl":{"start":{"line":25,"column":23},"end":{"line":25,"column":24}},"loc":{"start":{"line":25,"column":42},"end":{"line":30,"column":5}},"line":25},"2":{"name":"(anonymous_2)","decl":{"start":{"line":28,"column":40},"end":{"line":28,"column":41}},"loc":{"start":{"line":28,"column":51},"end":{"line":28,"column":91}},"line":28},"3":{"name":"(anonymous_3)","decl":{"start":{"line":32,"column":19},"end":{"line":32,"column":20}},"loc":{"start":{"line":32,"column":38},"end":{"line":41,"column":5}},"line":32},"4":{"name":"(anonymous_4)","decl":{"start":{"line":35,"column":39},"end":{"line":35,"column":40}},"loc":{"start":{"line":35,"column":50},"end":{"line":39,"column":9}},"line":35},"5":{"name":"(anonymous_5)","decl":{"start":{"line":43,"column":24},"end":{"line":43,"column":25}},"loc":{"start":{"line":43,"column":43},"end":{"line":52,"column":5}},"line":43},"6":{"name":"(anonymous_6)","decl":{"start":{"line":46,"column":39},"end":{"line":46,"column":40}},"loc":{"start":{"line":46,"column":50},"end":{"line":50,"column":9}},"line":46},"7":{"name":"(anonymous_7)","decl":{"start":{"line":54,"column":13},"end":{"line":54,"column":14}},"loc":{"start":{"line":54,"column":32},"end":{"line":56,"column":5}},"line":54},"8":{"name":"(anonymous_8)","decl":{"start":{"line":60,"column":29},"end":{"line":60,"column":30}},"loc":{"start":{"line":60,"column":35},"end":{"line":64,"column":3}},"line":60},"9":{"name":"(anonymous_9)","decl":{"start":{"line":60,"column":35},"end":{"line":60,"column":36}},"loc":{"start":{"line":60,"column":64},"end":{"line":64,"column":3}},"line":60}},"branchMap":{"0":{"loc":{"start":{"line":36,"column":10},"end":{"line":38,"column":11}},"type":"if","locations":[{"start":{"line":36,"column":10},"end":{"line":38,"column":11}},{"start":{},"end":{}}],"line":36},"1":{"loc":{"start":{"line":47,"column":10},"end":{"line":49,"column":11}},"type":"if","locations":[{"start":{"line":47,"column":10},"end":{"line":49,"column":11}},{"start":{},"end":{}}],"line":47}},"s":{"0":1,"1":1,"2":1,"3":0,"4":1,"5":0,"6":1,"7":0,"8":0,"9":1,"10":0,"11":0,"12":0,"13":1,"14":0,"15":0,"16":0,"17":0},"f":{"0":0,"1":1,"2":0,"3":1,"4":0,"5":1,"6":0,"7":0,"8":0,"9":0},"b":{"0":[0,0],"1":[0,0]},"_coverageSchema":"1a1c01bbd47fc00a2c39e90264f33305004495a9","hash":"6d02f9ebe1006bf10f52bc89e71fa3da86379177"}
}
