TN:
SF:src/store/actions.js
FNF:0
FNH:0
DA:4,1
DA:5,1
DA:6,1
DA:7,1
LF:4
LH:4
BRF:0
BRH:0
end_of_record
TN:
SF:src/store/cart.js
FN:11,(anonymous_0)
FN:14,(anonymous_1)
FN:17,(anonymous_2)
FNF:3
FNH:2
FNDA:1,(anonymous_0)
FNDA:1,(anonymous_1)
FNDA:0,(anonymous_2)
DA:4,1
DA:8,1
DA:12,1
DA:15,1
DA:17,0
LF:5
LH:4
BRF:0
BRH:0
end_of_record
TN:
SF:src/store/categories.js
FN:16,(anonymous_0)
FN:23,(anonymous_1)
FN:29,(anonymous_2)
FN:38,(anonymous_3)
FN:38,(anonymous_4)
FNF:5
FNH:1
FNDA:0,(anonymous_0)
FNDA:1,(anonymous_1)
FNDA:0,(anonymous_2)
FNDA:0,(anonymous_3)
FNDA:0,(anonymous_4)
DA:5,1
DA:7,1
DA:13,1
DA:17,0
DA:24,1
DA:30,0
DA:38,1
DA:39,0
DA:40,0
DA:41,0
LF:10
LH:5
BRF:0
BRH:0
end_of_record
TN:
SF:src/store/constants.js
FNF:0
FNH:0
DA:2,1
DA:3,1
DA:4,1
DA:5,1
DA:6,1
DA:7,1
LF:6
LH:6
BRF:0
BRH:0
end_of_record
TN:
SF:src/store/products.js
FN:18,(anonymous_0)
FN:25,(anonymous_1)
FN:28,(anonymous_2)
FN:32,(anonymous_3)
FN:35,(anonymous_4)
FN:43,(anonymous_5)
FN:46,(anonymous_6)
FN:54,(anonymous_7)
FN:60,(anonymous_8)
FN:60,(anonymous_9)
FNF:10
FNH:3
FNDA:0,(anonymous_0)
FNDA:1,(anonymous_1)
FNDA:0,(anonymous_2)
FNDA:1,(anonymous_3)
FNDA:0,(anonymous_4)
FNDA:1,(anonymous_5)
FNDA:0,(anonymous_6)
FNDA:0,(anonymous_7)
FNDA:0,(anonymous_8)
FNDA:0,(anonymous_9)
DA:7,1
DA:12,1
DA:14,1
DA:19,0
DA:26,1
DA:28,0
DA:33,1
DA:36,0
DA:37,0
DA:44,1
DA:47,0
DA:48,0
DA:55,0
DA:60,1
DA:61,0
DA:62,0
DA:63,0
LF:17
LH:7
BRDA:36,0,0,0
BRDA:36,0,1,0
BRDA:47,1,0,0
BRDA:47,1,1,0
BRF:4
BRH:0
end_of_record
